[debug] [2020-11-21T12:22:40.224Z] ----------------------------------------------------------------------
[debug] [2020-11-21T12:22:40.342Z] Command:       C:\Program Files\nodejs\node.exe C:\Users\Tausif\AppData\Roaming\npm\node_modules\firebase-tools\lib\bin\firebase.js login
[debug] [2020-11-21T12:22:40.343Z] CLI Version:   8.16.2
[debug] [2020-11-21T12:22:40.343Z] Platform:      win32
[debug] [2020-11-21T12:22:40.343Z] Node Version:  v14.13.0
[debug] [2020-11-21T12:22:41.186Z] Time:          Sat Nov 21 2020 17:52:40 GMT+0530 (India Standard Time)
[debug] [2020-11-21T12:22:41.186Z] ----------------------------------------------------------------------
[debug] [2020-11-21T12:22:41.187Z] 
[info] i  Firebase optionally collects CLI usage and error reporting information to help improve our products. Data is collected in accordance with Google's privacy policy (https://policies.google.com/privacy) and is not used to identify you.
 
[info] i  To change your data collection preference at any time, run `firebase logout` and log in again. 
[info] 
[info] Visit this URL on this device to log in:
[info] https://accounts.google.com/o/oauth2/auth?client_id=563584335869-fgrhgmd47bqnekij5i8b5pr03ho849e6.apps.googleusercontent.com&scope=email%20openid%20https%3A%2F%2Fwww.googleapis.com%2Fauth%2Fcloudplatformprojects.readonly%20https%3A%2F%2Fwww.googleapis.com%2Fauth%2Ffirebase%20https%3A%2F%2Fwww.googleapis.com%2Fauth%2Fcloud-platform&response_type=code&state=824293541&redirect_uri=http%3A%2F%2Flocalhost%3A9005
[info] 
[info] Waiting for authentication...
[debug] [2020-11-21T12:22:45.005Z] Error: spawn cmd ENOENT
    at Process.ChildProcess._handle.onexit (internal/child_process.js:268:19)
    at onErrorNT (internal/child_process.js:464:16)
    at processTicksAndRejections (internal/process/task_queues.js:80:21)
[error] 
[error] Error: An unexpected error has occurred.
[debug] [2020-11-21T12:25:01.130Z] ----------------------------------------------------------------------
[debug] [2020-11-21T12:25:01.132Z] Command:       C:\Program Files\nodejs\node.exe C:\Users\Tausif\AppData\Roaming\npm\node_modules\firebase-tools\lib\bin\firebase.js login
[debug] [2020-11-21T12:25:01.133Z] CLI Version:   8.16.2
[debug] [2020-11-21T12:25:01.133Z] Platform:      win32
[debug] [2020-11-21T12:25:01.133Z] Node Version:  v14.13.0
[debug] [2020-11-21T12:25:01.134Z] Time:          Sat Nov 21 2020 17:55:01 GMT+0530 (India Standard Time)
[debug] [2020-11-21T12:25:01.135Z] ----------------------------------------------------------------------
[debug] [2020-11-21T12:25:01.135Z] 
[info] i  Firebase optionally collects CLI usage and error reporting information to help improve our products. Data is collected in accordance with Google's privacy policy (https://policies.google.com/privacy) and is not used to identify you.
 
[info] i  To change your data collection preference at any time, run `firebase logout` and log in again. 
[info] 
[info] Visit this URL on this device to log in:
[info] https://accounts.google.com/o/oauth2/auth?client_id=563584335869-fgrhgmd47bqnekij5i8b5pr03ho849e6.apps.googleusercontent.com&scope=email%20openid%20https%3A%2F%2Fwww.googleapis.com%2Fauth%2Fcloudplatformprojects.readonly%20https%3A%2F%2Fwww.googleapis.com%2Fauth%2Ffirebase%20https%3A%2F%2Fwww.googleapis.com%2Fauth%2Fcloud-platform&response_type=code&state=112054450&redirect_uri=http%3A%2F%2Flocalhost%3A9005
[info] 
[info] Waiting for authentication...
[debug] [2020-11-21T12:25:03.068Z] Error: spawn cmd ENOENT
    at Process.ChildProcess._handle.onexit (internal/child_process.js:268:19)
    at onErrorNT (internal/child_process.js:464:16)
    at processTicksAndRejections (internal/process/task_queues.js:80:21)
[error] 
[error] Error: An unexpected error has occurred.
[debug] [2020-11-25T18:22:08.154Z] ----------------------------------------------------------------------
[debug] [2020-11-25T18:22:08.157Z] Command:       C:\Program Files\nodejs\node.exe C:\Users\Tausif\AppData\Roaming\npm\node_modules\firebase-tools\lib\bin\firebase.js login
[debug] [2020-11-25T18:22:08.158Z] CLI Version:   8.16.2
[debug] [2020-11-25T18:22:08.158Z] Platform:      win32
[debug] [2020-11-25T18:22:08.158Z] Node Version:  v15.2.1
[debug] [2020-11-25T18:22:08.159Z] Time:          Wed Nov 25 2020 23:52:08 GMT+0530 (India Standard Time)
[debug] [2020-11-25T18:22:08.160Z] ----------------------------------------------------------------------
[debug] [2020-11-25T18:22:08.160Z] 
[debug] [2020-11-25T18:22:08.173Z] >>> [apiv2][query] GET https://firebase-public.firebaseio.com/cli.json [none]
[info] i  Firebase optionally collects CLI usage and error reporting information to help improve our products. Data is collected in accordance with Google's privacy policy (https://policies.google.com/privacy) and is not used to identify you.
 
[debug] [2020-11-25T18:22:16.818Z] <<< [apiv2][status] GET https://firebase-public.firebaseio.com/cli.json 200
[debug] [2020-11-25T18:22:16.819Z] <<< [apiv2][body] GET https://firebase-public.firebaseio.com/cli.json {"cloudBuildErrorAfter":1594252800000,"cloudBuildWarnAfter":1590019200000,"defaultNode10After":1594252800000,"minVersion":"3.0.5","node8DeploysDisabledAfter":1613390400000,"node8RuntimeDisabledAfter":1615809600000,"node8WarnAfter":1600128000000}
[info] i  To change your data collection preference at any time, run `firebase logout` and log in again. 
[info] 
[info] Visit this URL on this device to log in:
[info] https://accounts.google.com/o/oauth2/auth?client_id=563584335869-fgrhgmd47bqnekij5i8b5pr03ho849e6.apps.googleusercontent.com&scope=email%20openid%20https%3A%2F%2Fwww.googleapis.com%2Fauth%2Fcloudplatformprojects.readonly%20https%3A%2F%2Fwww.googleapis.com%2Fauth%2Ffirebase%20https%3A%2F%2Fwww.googleapis.com%2Fauth%2Fcloud-platform&response_type=code&state=138390654&redirect_uri=http%3A%2F%2Flocalhost%3A9005
[info] 
[info] Waiting for authentication...
[debug] [2020-11-25T18:22:19.720Z] Error: spawn cmd ENOENT
    at Process.ChildProcess._handle.onexit (node:internal/child_process:269:19)
    at onErrorNT (node:internal/child_process:467:16)
    at processTicksAndRejections (node:internal/process/task_queues:80:21)
[error] 
[error] Error: An unexpected error has occurred.
[debug] [2020-11-25T18:24:04.303Z] ----------------------------------------------------------------------
[debug] [2020-11-25T18:24:04.306Z] Command:       C:\Program Files\nodejs\node.exe C:\Users\Tausif\AppData\Roaming\npm\node_modules\firebase-tools\lib\bin\firebase.js login --debug
[debug] [2020-11-25T18:24:04.307Z] CLI Version:   8.16.2
[debug] [2020-11-25T18:24:04.307Z] Platform:      win32
[debug] [2020-11-25T18:24:04.307Z] Node Version:  v15.2.1
[debug] [2020-11-25T18:24:04.308Z] Time:          Wed Nov 25 2020 23:54:04 GMT+0530 (India Standard Time)
[debug] [2020-11-25T18:24:04.309Z] ----------------------------------------------------------------------
[debug] [2020-11-25T18:24:04.309Z] 
[info] i  Firebase optionally collects CLI usage and error reporting information to help improve our products. Data is collected in accordance with Google's privacy policy (https://policies.google.com/privacy) and is not used to identify you.
 
[info] i  To change your data collection preference at any time, run `firebase logout` and log in again. 
[info] 
[info] Visit this URL on this device to log in:
[info] https://accounts.google.com/o/oauth2/auth?client_id=563584335869-fgrhgmd47bqnekij5i8b5pr03ho849e6.apps.googleusercontent.com&scope=email%20openid%20https%3A%2F%2Fwww.googleapis.com%2Fauth%2Fcloudplatformprojects.readonly%20https%3A%2F%2Fwww.googleapis.com%2Fauth%2Ffirebase%20https%3A%2F%2Fwww.googleapis.com%2Fauth%2Fcloud-platform&response_type=code&state=402456022&redirect_uri=http%3A%2F%2Flocalhost%3A9005
[info] 
[info] Waiting for authentication...
[debug] [2020-11-25T18:24:30.336Z] Error: spawn cmd ENOENT
    at Process.ChildProcess._handle.onexit (node:internal/child_process:269:19)
    at onErrorNT (node:internal/child_process:467:16)
    at processTicksAndRejections (node:internal/process/task_queues:80:21)
[error] 
[error] Error: An unexpected error has occurred.
[debug] [2020-12-02T08:01:37.220Z] ----------------------------------------------------------------------
[debug] [2020-12-02T08:01:37.222Z] Command:       C:\Program Files\nodejs\node.exe C:\Users\Tausif\AppData\Roaming\npm\node_modules\firebase-tools\lib\bin\firebase.js login
[debug] [2020-12-02T08:01:37.223Z] CLI Version:   8.16.2
[debug] [2020-12-02T08:01:37.223Z] Platform:      win32
[debug] [2020-12-02T08:01:37.223Z] Node Version:  v15.2.1
[debug] [2020-12-02T08:01:37.355Z] Time:          Wed Dec 02 2020 13:31:37 GMT+0530 (India Standard Time)
[debug] [2020-12-02T08:01:37.356Z] ----------------------------------------------------------------------
[debug] [2020-12-02T08:01:37.356Z] 
[debug] [2020-12-02T08:01:37.377Z] >>> [apiv2][query] GET https://firebase-public.firebaseio.com/cli.json [none]
[info] i  Firebase optionally collects CLI usage and error reporting information to help improve our products. Data is collected in accordance with Google's privacy policy (https://policies.google.com/privacy) and is not used to identify you.
 
[debug] [2020-12-02T08:01:38.659Z] <<< [apiv2][status] GET https://firebase-public.firebaseio.com/cli.json 200
[debug] [2020-12-02T08:01:38.659Z] <<< [apiv2][body] GET https://firebase-public.firebaseio.com/cli.json {"cloudBuildErrorAfter":1594252800000,"cloudBuildWarnAfter":1590019200000,"defaultNode10After":1594252800000,"minVersion":"3.0.5","node8DeploysDisabledAfter":1613390400000,"node8RuntimeDisabledAfter":1615809600000,"node8WarnAfter":1600128000000}
[info] i  To change your data collection preference at any time, run `firebase logout` and log in again. 
[info] 
[info] Visit this URL on this device to log in:
[info] https://accounts.google.com/o/oauth2/auth?client_id=563584335869-fgrhgmd47bqnekij5i8b5pr03ho849e6.apps.googleusercontent.com&scope=email%20openid%20https%3A%2F%2Fwww.googleapis.com%2Fauth%2Fcloudplatformprojects.readonly%20https%3A%2F%2Fwww.googleapis.com%2Fauth%2Ffirebase%20https%3A%2F%2Fwww.googleapis.com%2Fauth%2Fcloud-platform&response_type=code&state=388380943&redirect_uri=http%3A%2F%2Flocalhost%3A9005
[info] 
[info] Waiting for authentication...
[debug] [2020-12-02T08:01:39.931Z] Error: spawn cmd ENOENT
    at Process.ChildProcess._handle.onexit (node:internal/child_process:269:19)
    at onErrorNT (node:internal/child_process:467:16)
    at processTicksAndRejections (node:internal/process/task_queues:80:21)
[error] 
[error] Error: An unexpected error has occurred.
