[debug] [2020-11-21T11:58:46.651Z] ----------------------------------------------------------------------
[debug] [2020-11-21T11:58:46.654Z] Command:       C:\Program Files\nodejs\node.exe C:\Users\Tausif\AppData\Roaming\npm\node_modules\firebase-tools\lib\bin\firebase.js login
[debug] [2020-11-21T11:58:46.654Z] CLI Version:   8.16.2
[debug] [2020-11-21T11:58:46.655Z] Platform:      win32
[debug] [2020-11-21T11:58:46.655Z] Node Version:  v14.13.0
[debug] [2020-11-21T11:58:46.656Z] Time:          Sat Nov 21 2020 17:28:46 GMT+0530 (India Standard Time)
[debug] [2020-11-21T11:58:46.656Z] ----------------------------------------------------------------------
[debug] [2020-11-21T11:58:46.656Z] 
[info] i  Firebase optionally collects CLI usage and error reporting information to help improve our products. Data is collected in accordance with Google's privacy policy (https://policies.google.com/privacy) and is not used to identify you.
 
[info] i  To change your data collection preference at any time, run `firebase logout` and log in again. 
[info] 
[info] Visit this URL on this device to log in:
[info] https://accounts.google.com/o/oauth2/auth?client_id=563584335869-fgrhgmd47bqnekij5i8b5pr03ho849e6.apps.googleusercontent.com&scope=email%20openid%20https%3A%2F%2Fwww.googleapis.com%2Fauth%2Fcloudplatformprojects.readonly%20https%3A%2F%2Fwww.googleapis.com%2Fauth%2Ffirebase%20https%3A%2F%2Fwww.googleapis.com%2Fauth%2Fcloud-platform&response_type=code&state=963853201&redirect_uri=http%3A%2F%2Flocalhost%3A9005
[info] 
[info] Waiting for authentication...
[debug] [2020-11-21T11:58:55.206Z] Error: spawn cmd ENOENT
    at Process.ChildProcess._handle.onexit (internal/child_process.js:268:19)
    at onErrorNT (internal/child_process.js:464:16)
    at processTicksAndRejections (internal/process/task_queues.js:80:21)
[error] 
[error] Error: An unexpected error has occurred.
